This file contains any messages produced by compilers while
running configure, to aid debugging if configure makes a mistake.

It was created by libmsip configure 0.8.0, which was
generated by GNU Autoconf 2.65.  Invocation command line was

  $ ./configure 

## --------- ##
## Platform. ##
## --------- ##

hostname = ubuntu
uname -m = i686
uname -r = 2.6.32-24-generic
uname -s = Linux
uname -v = #39-Ubuntu SMP Wed Jul 28 06:07:29 UTC 2010

/usr/bin/uname -p = unknown
/bin/uname -X     = unknown

/bin/arch              = unknown
/usr/bin/arch -k       = unknown
/usr/convex/getsysinfo = unknown
/usr/bin/hostinfo      = unknown
/bin/machine           = unknown
/usr/bin/oslevel       = unknown
/bin/universe          = unknown

PATH: /usr/local/sbin
PATH: /usr/local/bin
PATH: /usr/sbin
PATH: /usr/bin
PATH: /sbin
PATH: /bin
PATH: /usr/games


## ----------- ##
## Core tests. ##
## ----------- ##

configure:2586: checking for a BSD-compatible install
configure:2654: result: /usr/bin/install -c
configure:2665: checking whether build environment is sane
configure:2715: result: yes
configure:2856: checking for a thread-safe mkdir -p
configure:2895: result: /bin/mkdir -p
configure:2908: checking for gawk
configure:2924: found /usr/bin/gawk
configure:2935: result: gawk
configure:2946: checking whether make sets $(MAKE)
configure:2968: result: yes
configure:2990: checking build system type
configure:3004: result: i686-pc-linux-gnu
configure:3024: checking host system type
configure:3037: result: i686-pc-linux-gnu
configure:3069: checking for style of include used by make
configure:3097: result: GNU
configure:3167: checking for gcc
configure:3183: found /usr/bin/gcc
configure:3194: result: gcc
configure:3423: checking for C compiler version
configure:3432: gcc --version >&5
gcc (Ubuntu 4.4.3-4ubuntu5) 4.4.3
Copyright (C) 2009 Free Software Foundation, Inc.
This is free software; see the source for copying conditions.  There is NO
warranty; not even for MERCHANTABILITY or FITNESS FOR A PARTICULAR PURPOSE.

configure:3443: $? = 0
configure:3432: gcc -v >&5
Using built-in specs.
Target: i486-linux-gnu
Configured with: ../src/configure -v --with-pkgversion='Ubuntu 4.4.3-4ubuntu5' --with-bugurl=file:///usr/share/doc/gcc-4.4/README.Bugs --enable-languages=c,c++,fortran,objc,obj-c++ --prefix=/usr --enable-shared --enable-multiarch --enable-linker-build-id --with-system-zlib --libexecdir=/usr/lib --without-included-gettext --enable-threads=posix --with-gxx-include-dir=/usr/include/c++/4.4 --program-suffix=-4.4 --enable-nls --enable-clocale=gnu --enable-libstdcxx-debug --enable-plugin --enable-objc-gc --enable-targets=all --disable-werror --with-arch-32=i486 --with-tune=generic --enable-checking=release --build=i486-linux-gnu --host=i486-linux-gnu --target=i486-linux-gnu
Thread model: posix
gcc version 4.4.3 (Ubuntu 4.4.3-4ubuntu5) 
configure:3443: $? = 0
configure:3432: gcc -V >&5
gcc: '-V' option must have argument
configure:3443: $? = 1
configure:3432: gcc -qversion >&5
gcc: unrecognized option '-qversion'
gcc: no input files
configure:3443: $? = 1
configure:3463: checking whether the C compiler works
configure:3485: gcc    conftest.c  >&5
configure:3489: $? = 0
configure:3538: result: yes
configure:3541: checking for C compiler default output file name
configure:3543: result: a.out
configure:3549: checking for suffix of executables
configure:3556: gcc -o conftest    conftest.c  >&5
configure:3560: $? = 0
configure:3582: result: 
configure:3604: checking whether we are cross compiling
configure:3612: gcc -o conftest    conftest.c  >&5
configure:3616: $? = 0
configure:3623: ./conftest
configure:3627: $? = 0
configure:3642: result: no
configure:3647: checking for suffix of object files
configure:3669: gcc -c   conftest.c >&5
configure:3673: $? = 0
configure:3694: result: o
configure:3698: checking whether we are using the GNU C compiler
configure:3717: gcc -c   conftest.c >&5
configure:3717: $? = 0
configure:3726: result: yes
configure:3735: checking whether gcc accepts -g
configure:3755: gcc -c -g  conftest.c >&5
configure:3755: $? = 0
configure:3796: result: yes
configure:3813: checking for gcc option to accept ISO C89
configure:3877: gcc  -c -g -O2  conftest.c >&5
configure:3877: $? = 0
configure:3890: result: none needed
configure:3912: checking dependency style of gcc
configure:4022: result: gcc3
configure:4043: checking how to run the C preprocessor
configure:4074: gcc -E  conftest.c
configure:4074: $? = 0
configure:4088: gcc -E  conftest.c
conftest.c:9:28: error: ac_nonexistent.h: No such file or directory
configure:4088: $? = 1
configure: failed program was:
| /* confdefs.h */
| #define PACKAGE_NAME "libmsip"
| #define PACKAGE_TARNAME "libmsip"
| #define PACKAGE_VERSION "0.8.0"
| #define PACKAGE_STRING "libmsip 0.8.0"
| #define PACKAGE_BUGREPORT "Erik Eliasson <ere@kth.se>"
| #define PACKAGE_URL ""
| /* end confdefs.h.  */
| #include <ac_nonexistent.h>
configure:4113: result: gcc -E
configure:4133: gcc -E  conftest.c
configure:4133: $? = 0
configure:4147: gcc -E  conftest.c
conftest.c:9:28: error: ac_nonexistent.h: No such file or directory
configure:4147: $? = 1
configure: failed program was:
| /* confdefs.h */
| #define PACKAGE_NAME "libmsip"
| #define PACKAGE_TARNAME "libmsip"
| #define PACKAGE_VERSION "0.8.0"
| #define PACKAGE_STRING "libmsip 0.8.0"
| #define PACKAGE_BUGREPORT "Erik Eliasson <ere@kth.se>"
| #define PACKAGE_URL ""
| /* end confdefs.h.  */
| #include <ac_nonexistent.h>
configure:4176: checking for grep that handles long lines and -e
configure:4234: result: /bin/grep
configure:4239: checking for egrep
configure:4301: result: /bin/grep -E
configure:4306: checking for ANSI C header files
configure:4326: gcc -c -g -O2  conftest.c >&5
configure:4326: $? = 0
configure:4399: gcc -o conftest -g -O2   conftest.c  >&5
configure:4399: $? = 0
configure:4399: ./conftest
configure:4399: $? = 0
configure:4410: result: yes
configure:4423: checking for sys/types.h
configure:4423: gcc -c -g -O2  conftest.c >&5
configure:4423: $? = 0
configure:4423: result: yes
configure:4423: checking for sys/stat.h
configure:4423: gcc -c -g -O2  conftest.c >&5
configure:4423: $? = 0
configure:4423: result: yes
configure:4423: checking for stdlib.h
configure:4423: gcc -c -g -O2  conftest.c >&5
configure:4423: $? = 0
configure:4423: result: yes
configure:4423: checking for string.h
configure:4423: gcc -c -g -O2  conftest.c >&5
configure:4423: $? = 0
configure:4423: result: yes
configure:4423: checking for memory.h
configure:4423: gcc -c -g -O2  conftest.c >&5
configure:4423: $? = 0
configure:4423: result: yes
configure:4423: checking for strings.h
configure:4423: gcc -c -g -O2  conftest.c >&5
configure:4423: $? = 0
configure:4423: result: yes
configure:4423: checking for inttypes.h
configure:4423: gcc -c -g -O2  conftest.c >&5
configure:4423: $? = 0
configure:4423: result: yes
configure:4423: checking for stdint.h
configure:4423: gcc -c -g -O2  conftest.c >&5
configure:4423: $? = 0
configure:4423: result: yes
configure:4423: checking for unistd.h
configure:4423: gcc -c -g -O2  conftest.c >&5
configure:4423: $? = 0
configure:4423: result: yes
configure:4500: checking whether to enable maintainer-specific portions of Makefiles
configure:4509: result: no
configure:4538: checking whether byte ordering is bigendian
configure:4553: gcc -c -g -O2  conftest.c >&5
conftest.c:22: error: expected '=', ',', ';', 'asm' or '__attribute__' before 'a'
configure:4553: $? = 1
configure: failed program was:
| /* confdefs.h */
| #define PACKAGE_NAME "libmsip"
| #define PACKAGE_TARNAME "libmsip"
| #define PACKAGE_VERSION "0.8.0"
| #define PACKAGE_STRING "libmsip 0.8.0"
| #define PACKAGE_BUGREPORT "Erik Eliasson <ere@kth.se>"
| #define PACKAGE_URL ""
| #define STDC_HEADERS 1
| #define HAVE_SYS_TYPES_H 1
| #define HAVE_SYS_STAT_H 1
| #define HAVE_STDLIB_H 1
| #define HAVE_STRING_H 1
| #define HAVE_MEMORY_H 1
| #define HAVE_STRINGS_H 1
| #define HAVE_INTTYPES_H 1
| #define HAVE_STDINT_H 1
| #define HAVE_UNISTD_H 1
| #define PACKAGE "libmsip"
| #define VERSION "0.8.0"
| /* end confdefs.h.  */
| #ifndef __APPLE_CC__
| 	       not a universal capable compiler
| 	     #endif
| 	     typedef int dummy;
| 
configure:4598: gcc -c -g -O2  conftest.c >&5
configure:4598: $? = 0
configure:4616: gcc -c -g -O2  conftest.c >&5
conftest.c: In function 'main':
conftest.c:28: error: 'not' undeclared (first use in this function)
conftest.c:28: error: (Each undeclared identifier is reported only once
conftest.c:28: error: for each function it appears in.)
conftest.c:28: error: expected ';' before 'big'
configure:4616: $? = 1
configure: failed program was:
| /* confdefs.h */
| #define PACKAGE_NAME "libmsip"
| #define PACKAGE_TARNAME "libmsip"
| #define PACKAGE_VERSION "0.8.0"
| #define PACKAGE_STRING "libmsip 0.8.0"
| #define PACKAGE_BUGREPORT "Erik Eliasson <ere@kth.se>"
| #define PACKAGE_URL ""
| #define STDC_HEADERS 1
| #define HAVE_SYS_TYPES_H 1
| #define HAVE_SYS_STAT_H 1
| #define HAVE_STDLIB_H 1
| #define HAVE_STRING_H 1
| #define HAVE_MEMORY_H 1
| #define HAVE_STRINGS_H 1
| #define HAVE_INTTYPES_H 1
| #define HAVE_STDINT_H 1
| #define HAVE_UNISTD_H 1
| #define PACKAGE "libmsip"
| #define VERSION "0.8.0"
| /* end confdefs.h.  */
| #include <sys/types.h>
| 		#include <sys/param.h>
| 
| int
| main ()
| {
| #if BYTE_ORDER != BIG_ENDIAN
| 		 not big endian
| 		#endif
| 
|   ;
|   return 0;
| }
configure:4744: result: no
configure:4820: checking for g++
configure:4836: found /usr/bin/g++
configure:4847: result: g++
configure:4874: checking for C++ compiler version
configure:4883: g++ --version >&5
g++ (Ubuntu 4.4.3-4ubuntu5) 4.4.3
Copyright (C) 2009 Free Software Foundation, Inc.
This is free software; see the source for copying conditions.  There is NO
warranty; not even for MERCHANTABILITY or FITNESS FOR A PARTICULAR PURPOSE.

configure:4894: $? = 0
configure:4883: g++ -v >&5
Using built-in specs.
Target: i486-linux-gnu
Configured with: ../src/configure -v --with-pkgversion='Ubuntu 4.4.3-4ubuntu5' --with-bugurl=file:///usr/share/doc/gcc-4.4/README.Bugs --enable-languages=c,c++,fortran,objc,obj-c++ --prefix=/usr --enable-shared --enable-multiarch --enable-linker-build-id --with-system-zlib --libexecdir=/usr/lib --without-included-gettext --enable-threads=posix --with-gxx-include-dir=/usr/include/c++/4.4 --program-suffix=-4.4 --enable-nls --enable-clocale=gnu --enable-libstdcxx-debug --enable-plugin --enable-objc-gc --enable-targets=all --disable-werror --with-arch-32=i486 --with-tune=generic --enable-checking=release --build=i486-linux-gnu --host=i486-linux-gnu --target=i486-linux-gnu
Thread model: posix
gcc version 4.4.3 (Ubuntu 4.4.3-4ubuntu5) 
configure:4894: $? = 0
configure:4883: g++ -V >&5
g++: '-V' option must have argument
configure:4894: $? = 1
configure:4883: g++ -qversion >&5
g++: unrecognized option '-qversion'
g++: no input files
configure:4894: $? = 1
configure:4898: checking whether we are using the GNU C++ compiler
configure:4917: g++ -c   conftest.cpp >&5
configure:4917: $? = 0
configure:4926: result: yes
configure:4935: checking whether g++ accepts -g
configure:4955: g++ -c -g  conftest.cpp >&5
configure:4955: $? = 0
configure:4996: result: yes
configure:5021: checking dependency style of g++
configure:5131: result: gcc3
configure:5194: checking for gcc
configure:5221: result: gcc
configure:5450: checking for C compiler version
configure:5459: gcc --version >&5
gcc (Ubuntu 4.4.3-4ubuntu5) 4.4.3
Copyright (C) 2009 Free Software Foundation, Inc.
This is free software; see the source for copying conditions.  There is NO
warranty; not even for MERCHANTABILITY or FITNESS FOR A PARTICULAR PURPOSE.

configure:5470: $? = 0
configure:5459: gcc -v >&5
Using built-in specs.
Target: i486-linux-gnu
Configured with: ../src/configure -v --with-pkgversion='Ubuntu 4.4.3-4ubuntu5' --with-bugurl=file:///usr/share/doc/gcc-4.4/README.Bugs --enable-languages=c,c++,fortran,objc,obj-c++ --prefix=/usr --enable-shared --enable-multiarch --enable-linker-build-id --with-system-zlib --libexecdir=/usr/lib --without-included-gettext --enable-threads=posix --with-gxx-include-dir=/usr/include/c++/4.4 --program-suffix=-4.4 --enable-nls --enable-clocale=gnu --enable-libstdcxx-debug --enable-plugin --enable-objc-gc --enable-targets=all --disable-werror --with-arch-32=i486 --with-tune=generic --enable-checking=release --build=i486-linux-gnu --host=i486-linux-gnu --target=i486-linux-gnu
Thread model: posix
gcc version 4.4.3 (Ubuntu 4.4.3-4ubuntu5) 
configure:5470: $? = 0
configure:5459: gcc -V >&5
gcc: '-V' option must have argument
configure:5470: $? = 1
configure:5459: gcc -qversion >&5
gcc: unrecognized option '-qversion'
gcc: no input files
configure:5470: $? = 1
configure:5474: checking whether we are using the GNU C compiler
configure:5502: result: yes
configure:5511: checking whether gcc accepts -g
configure:5572: result: yes
configure:5589: checking for gcc option to accept ISO C89
configure:5666: result: none needed
configure:5688: checking dependency style of gcc
configure:5798: result: gcc3
configure:5818: checking how to run the C preprocessor
configure:5888: result: gcc -E
configure:5908: gcc -E  conftest.c
configure:5908: $? = 0
configure:5922: gcc -E  conftest.c
conftest.c:21:28: error: ac_nonexistent.h: No such file or directory
configure:5922: $? = 1
configure: failed program was:
| /* confdefs.h */
| #define PACKAGE_NAME "libmsip"
| #define PACKAGE_TARNAME "libmsip"
| #define PACKAGE_VERSION "0.8.0"
| #define PACKAGE_STRING "libmsip 0.8.0"
| #define PACKAGE_BUGREPORT "Erik Eliasson <ere@kth.se>"
| #define PACKAGE_URL ""
| #define STDC_HEADERS 1
| #define HAVE_SYS_TYPES_H 1
| #define HAVE_SYS_STAT_H 1
| #define HAVE_STDLIB_H 1
| #define HAVE_STRING_H 1
| #define HAVE_MEMORY_H 1
| #define HAVE_STRINGS_H 1
| #define HAVE_INTTYPES_H 1
| #define HAVE_STDINT_H 1
| #define HAVE_UNISTD_H 1
| #define PACKAGE "libmsip"
| #define VERSION "0.8.0"
| /* end confdefs.h.  */
| #include <ac_nonexistent.h>
configure:5950: checking whether ln -s works
configure:5954: result: yes
configure:5961: checking whether make sets $(MAKE)
configure:5983: result: yes
configure:6148: checking for pkg-config
configure:6166: found /usr/bin/pkg-config
configure:6178: result: /usr/bin/pkg-config
configure:6203: checking pkg-config is at least version 0.9.0
configure:6206: result: yes
configure:6634: checking for a sed that does not truncate output
configure:6698: result: /bin/sed
configure:6716: checking for fgrep
configure:6778: result: /bin/grep -F
configure:6813: checking for ld used by gcc
configure:6880: result: /usr/bin/ld
configure:6887: checking if the linker (/usr/bin/ld) is GNU ld
configure:6902: result: yes
configure:6914: checking for BSD- or MS-compatible name lister (nm)
configure:6963: result: /usr/bin/nm -B
configure:7081: checking the name lister (/usr/bin/nm -B) interface
configure:7088: g++ -c -g -O2  conftest.cpp >&5
configure:7091: /usr/bin/nm -B "conftest.o"
configure:7094: output
00000000 B some_variable
configure:7101: result: BSD nm
configure:7105: checking the maximum length of command line arguments
configure:7225: result: 1572864
configure:7242: checking whether the shell understands some XSI constructs
configure:7252: result: yes
configure:7256: checking whether the shell understands "+="
configure:7262: result: yes
configure:7297: checking for /usr/bin/ld option to reload object files
configure:7304: result: -r
configure:7373: checking for objdump
configure:7400: result: objdump
configure:7429: checking how to recognize dependent libraries
configure:7625: result: pass_all
configure:7685: checking for ar
configure:7701: found /usr/bin/ar
configure:7712: result: ar
configure:7790: checking for strip
configure:7806: found /usr/bin/strip
configure:7817: result: strip
configure:7889: checking for ranlib
configure:7905: found /usr/bin/ranlib
configure:7916: result: ranlib
configure:8006: checking command to parse /usr/bin/nm -B output from gcc object
configure:8124: g++ -c -g -O2  conftest.cpp >&5
configure:8127: $? = 0
configure:8131: /usr/bin/nm -B conftest.o \| sed -n -e 's/^.*[	 ]\([ABCDGIRSTW][ABCDGIRSTW]*\)[	 ][	 ]*\([_A-Za-z][_A-Za-z0-9]*\)$/\1 \2 \2/p' \> conftest.nm
configure:8134: $? = 0
configure:8188: g++ -o conftest -g -O2   conftest.cpp conftstm.o >&5
configure:8191: $? = 0
configure:8229: result: ok
configure:9034: checking for dlfcn.h
configure:9034: g++ -c -g -O2  conftest.cpp >&5
conftest.cpp:22:1: warning: "VERSION" redefined
conftest.cpp:19:1: warning: this is the location of the previous definition
conftest.cpp:23:1: warning: "PACKAGE_VERSION" redefined
conftest.cpp:4:1: warning: this is the location of the previous definition
conftest.cpp:24:1: warning: "PACKAGE_STRING" redefined
conftest.cpp:5:1: warning: this is the location of the previous definition
configure:9034: $? = 0
configure:9034: result: yes
configure:9159: checking for C++ compiler version
configure:9168: g++ --version >&5
g++ (Ubuntu 4.4.3-4ubuntu5) 4.4.3
Copyright (C) 2009 Free Software Foundation, Inc.
This is free software; see the source for copying conditions.  There is NO
warranty; not even for MERCHANTABILITY or FITNESS FOR A PARTICULAR PURPOSE.

configure:9179: $? = 0
configure:9168: g++ -v >&5
Using built-in specs.
Target: i486-linux-gnu
Configured with: ../src/configure -v --with-pkgversion='Ubuntu 4.4.3-4ubuntu5' --with-bugurl=file:///usr/share/doc/gcc-4.4/README.Bugs --enable-languages=c,c++,fortran,objc,obj-c++ --prefix=/usr --enable-shared --enable-multiarch --enable-linker-build-id --with-system-zlib --libexecdir=/usr/lib --without-included-gettext --enable-threads=posix --with-gxx-include-dir=/usr/include/c++/4.4 --program-suffix=-4.4 --enable-nls --enable-clocale=gnu --enable-libstdcxx-debug --enable-plugin --enable-objc-gc --enable-targets=all --disable-werror --with-arch-32=i486 --with-tune=generic --enable-checking=release --build=i486-linux-gnu --host=i486-linux-gnu --target=i486-linux-gnu
Thread model: posix
gcc version 4.4.3 (Ubuntu 4.4.3-4ubuntu5) 
configure:9179: $? = 0
configure:9168: g++ -V >&5
g++: '-V' option must have argument
configure:9179: $? = 1
configure:9168: g++ -qversion >&5
g++: unrecognized option '-qversion'
g++: no input files
configure:9179: $? = 1
configure:9183: checking whether we are using the GNU C++ compiler
configure:9211: result: yes
configure:9220: checking whether g++ accepts -g
configure:9281: result: yes
configure:9306: checking dependency style of g++
configure:9416: result: gcc3
configure:9439: checking how to run the C++ preprocessor
configure:9466: g++ -E  conftest.cpp
conftest.cpp:22:1: warning: "VERSION" redefined
conftest.cpp:19:1: warning: this is the location of the previous definition
conftest.cpp:23:1: warning: "PACKAGE_VERSION" redefined
conftest.cpp:4:1: warning: this is the location of the previous definition
conftest.cpp:24:1: warning: "PACKAGE_STRING" redefined
conftest.cpp:5:1: warning: this is the location of the previous definition
configure:9466: $? = 0
configure:9480: g++ -E  conftest.cpp
conftest.cpp:22:1: warning: "VERSION" redefined
conftest.cpp:19:1: warning: this is the location of the previous definition
conftest.cpp:23:1: warning: "PACKAGE_VERSION" redefined
conftest.cpp:4:1: warning: this is the location of the previous definition
conftest.cpp:24:1: warning: "PACKAGE_STRING" redefined
conftest.cpp:5:1: warning: this is the location of the previous definition
conftest.cpp:27:28: error: ac_nonexistent.h: No such file or directory
configure:9480: $? = 1
configure: failed program was:
| /* confdefs.h */
| #define PACKAGE_NAME "libmsip"
| #define PACKAGE_TARNAME "libmsip"
| #define PACKAGE_VERSION "0.8.0"
| #define PACKAGE_STRING "libmsip 0.8.0"
| #define PACKAGE_BUGREPORT "Erik Eliasson <ere@kth.se>"
| #define PACKAGE_URL ""
| #define STDC_HEADERS 1
| #define HAVE_SYS_TYPES_H 1
| #define HAVE_SYS_STAT_H 1
| #define HAVE_STDLIB_H 1
| #define HAVE_STRING_H 1
| #define HAVE_MEMORY_H 1
| #define HAVE_STRINGS_H 1
| #define HAVE_INTTYPES_H 1
| #define HAVE_STDINT_H 1
| #define HAVE_UNISTD_H 1
| #define PACKAGE "libmsip"
| #define VERSION "0.8.0"
| #define USE_STL /**/
| #define HAVE_VERSION_H 1
| #define VERSION PACKAGE_VERSION_FULL
| #define PACKAGE_VERSION PACKAGE_VERSION_FULL
| #define PACKAGE_STRING PACKAGE_STRING_FULL
| #define HAVE_DLFCN_H 1
| /* end confdefs.h.  */
| #include <ac_nonexistent.h>
configure:9505: result: g++ -E
configure:9525: g++ -E  conftest.cpp
conftest.cpp:22:1: warning: "VERSION" redefined
conftest.cpp:19:1: warning: this is the location of the previous definition
conftest.cpp:23:1: warning: "PACKAGE_VERSION" redefined
conftest.cpp:4:1: warning: this is the location of the previous definition
conftest.cpp:24:1: warning: "PACKAGE_STRING" redefined
conftest.cpp:5:1: warning: this is the location of the previous definition
configure:9525: $? = 0
configure:9539: g++ -E  conftest.cpp
conftest.cpp:22:1: warning: "VERSION" redefined
conftest.cpp:19:1: warning: this is the location of the previous definition
conftest.cpp:23:1: warning: "PACKAGE_VERSION" redefined
conftest.cpp:4:1: warning: this is the location of the previous definition
conftest.cpp:24:1: warning: "PACKAGE_STRING" redefined
conftest.cpp:5:1: warning: this is the location of the previous definition
conftest.cpp:27:28: error: ac_nonexistent.h: No such file or directory
configure:9539: $? = 1
configure: failed program was:
| /* confdefs.h */
| #define PACKAGE_NAME "libmsip"
| #define PACKAGE_TARNAME "libmsip"
| #define PACKAGE_VERSION "0.8.0"
| #define PACKAGE_STRING "libmsip 0.8.0"
| #define PACKAGE_BUGREPORT "Erik Eliasson <ere@kth.se>"
| #define PACKAGE_URL ""
| #define STDC_HEADERS 1
| #define HAVE_SYS_TYPES_H 1
| #define HAVE_SYS_STAT_H 1
| #define HAVE_STDLIB_H 1
| #define HAVE_STRING_H 1
| #define HAVE_MEMORY_H 1
| #define HAVE_STRINGS_H 1
| #define HAVE_INTTYPES_H 1
| #define HAVE_STDINT_H 1
| #define HAVE_UNISTD_H 1
| #define PACKAGE "libmsip"
| #define VERSION "0.8.0"
| #define USE_STL /**/
| #define HAVE_VERSION_H 1
| #define VERSION PACKAGE_VERSION_FULL
| #define PACKAGE_VERSION PACKAGE_VERSION_FULL
| #define PACKAGE_STRING PACKAGE_STRING_FULL
| #define HAVE_DLFCN_H 1
| /* end confdefs.h.  */
| #include <ac_nonexistent.h>
configure:9741: checking for objdir
configure:9756: result: .libs
configure:10052: checking if gcc supports -fno-rtti -fno-exceptions
configure:10070: gcc -c -g -O2  -fno-rtti -fno-exceptions conftest.c >&5
cc1: warning: command line option "-fno-rtti" is valid for C++/ObjC++ but not for C
configure:10074: $? = 0
configure:10087: result: no
configure:10107: checking for gcc option to produce PIC
configure:10379: result: -fPIC -DPIC
configure:10391: checking if gcc PIC flag -fPIC -DPIC works
configure:10409: gcc -c -g -O2  -fPIC -DPIC -DPIC conftest.c >&5
configure:10413: $? = 0
configure:10426: result: yes
configure:10450: checking if gcc static flag -static works
configure:10478: result: yes
configure:10493: checking if gcc supports -c -o file.o
configure:10514: gcc -c -g -O2  -o out/conftest2.o conftest.c >&5
configure:10518: $? = 0
configure:10540: result: yes
configure:10548: checking if gcc supports -c -o file.o
configure:10595: result: yes
configure:10628: checking whether the gcc linker (/usr/bin/ld) supports shared libraries
configure:11619: result: yes
configure:11656: checking whether -lc should be explicitly linked in
configure:11661: gcc -c -g -O2  conftest.c >&5
configure:11664: $? = 0
configure:11679: gcc -shared conftest.o  -v -Wl,-soname -Wl,conftest -o conftest 2\>\&1 \| /bin/grep  -lc  \>/dev/null 2\>\&1
configure:11682: $? = 0
configure:11694: result: no
configure:11858: checking dynamic linker characteristics
configure:12291: gcc -o conftest -g -O2   -Wl,-rpath -Wl,/foo conftest.c  >&5
conftest.c:22:1: warning: "VERSION" redefined
conftest.c:19:1: warning: this is the location of the previous definition
conftest.c:23:1: warning: "PACKAGE_VERSION" redefined
conftest.c:4:1: warning: this is the location of the previous definition
conftest.c:24:1: warning: "PACKAGE_STRING" redefined
conftest.c:5:1: warning: this is the location of the previous definition
configure:12291: $? = 0
configure:12521: result: GNU/Linux ld.so
configure:12623: checking how to hardcode library paths into programs
configure:12648: result: immediate
configure:12742: checking for shl_load
configure:12742: gcc -o conftest -g -O2   conftest.c  >&5
conftest.c:22:1: warning: "VERSION" redefined
conftest.c:19:1: warning: this is the location of the previous definition
conftest.c:23:1: warning: "PACKAGE_VERSION" redefined
conftest.c:4:1: warning: this is the location of the previous definition
conftest.c:24:1: warning: "PACKAGE_STRING" redefined
conftest.c:5:1: warning: this is the location of the previous definition
/tmp/ccZDbKza.o: In function `main':
/home/prajwol/workspace/libmsip/conftest.c:62: undefined reference to `shl_load'
collect2: ld returned 1 exit status
configure:12742: $? = 1
configure: failed program was:
| /* confdefs.h */
| #define PACKAGE_NAME "libmsip"
| #define PACKAGE_TARNAME "libmsip"
| #define PACKAGE_VERSION "0.8.0"
| #define PACKAGE_STRING "libmsip 0.8.0"
| #define PACKAGE_BUGREPORT "Erik Eliasson <ere@kth.se>"
| #define PACKAGE_URL ""
| #define STDC_HEADERS 1
| #define HAVE_SYS_TYPES_H 1
| #define HAVE_SYS_STAT_H 1
| #define HAVE_STDLIB_H 1
| #define HAVE_STRING_H 1
| #define HAVE_MEMORY_H 1
| #define HAVE_STRINGS_H 1
| #define HAVE_INTTYPES_H 1
| #define HAVE_STDINT_H 1
| #define HAVE_UNISTD_H 1
| #define PACKAGE "libmsip"
| #define VERSION "0.8.0"
| #define USE_STL /**/
| #define HAVE_VERSION_H 1
| #define VERSION PACKAGE_VERSION_FULL
| #define PACKAGE_VERSION PACKAGE_VERSION_FULL
| #define PACKAGE_STRING PACKAGE_STRING_FULL
| #define HAVE_DLFCN_H 1
| #define LT_OBJDIR ".libs/"
| /* end confdefs.h.  */
| /* Define shl_load to an innocuous variant, in case <limits.h> declares shl_load.
|    For example, HP-UX 11i <limits.h> declares gettimeofday.  */
| #define shl_load innocuous_shl_load
| 
| /* System header to define __stub macros and hopefully few prototypes,
|     which can conflict with char shl_load (); below.
|     Prefer <limits.h> to <assert.h> if __STDC__ is defined, since
|     <limits.h> exists even on freestanding compilers.  */
| 
| #ifdef __STDC__
| # include <limits.h>
| #else
| # include <assert.h>
| #endif
| 
| #undef shl_load
| 
| /* Override any GCC internal prototype to avoid an error.
|    Use char because int might match the return type of a GCC
|    builtin and then its argument prototype would still apply.  */
| #ifdef __cplusplus
| extern "C"
| #endif
| char shl_load ();
| /* The GNU C library defines this for functions which it implements
|     to always fail with ENOSYS.  Some functions are actually named
|     something starting with __ and the normal name is an alias.  */
| #if defined __stub_shl_load || defined __stub___shl_load
| choke me
| #endif
| 
| int
| main ()
| {
| return shl_load ();
|   ;
|   return 0;
| }
configure:12742: result: no
configure:12746: checking for shl_load in -ldld
configure:12771: gcc -o conftest -g -O2   conftest.c -ldld   >&5
conftest.c:22:1: warning: "VERSION" redefined
conftest.c:19:1: warning: this is the location of the previous definition
conftest.c:23:1: warning: "PACKAGE_VERSION" redefined
conftest.c:4:1: warning: this is the location of the previous definition
conftest.c:24:1: warning: "PACKAGE_STRING" redefined
conftest.c:5:1: warning: this is the location of the previous definition
/usr/bin/ld: cannot find -ldld
collect2: ld returned 1 exit status
configure:12771: $? = 1
configure: failed program was:
| /* confdefs.h */
| #define PACKAGE_NAME "libmsip"
| #define PACKAGE_TARNAME "libmsip"
| #define PACKAGE_VERSION "0.8.0"
| #define PACKAGE_STRING "libmsip 0.8.0"
| #define PACKAGE_BUGREPORT "Erik Eliasson <ere@kth.se>"
| #define PACKAGE_URL ""
| #define STDC_HEADERS 1
| #define HAVE_SYS_TYPES_H 1
| #define HAVE_SYS_STAT_H 1
| #define HAVE_STDLIB_H 1
| #define HAVE_STRING_H 1
| #define HAVE_MEMORY_H 1
| #define HAVE_STRINGS_H 1
| #define HAVE_INTTYPES_H 1
| #define HAVE_STDINT_H 1
| #define HAVE_UNISTD_H 1
| #define PACKAGE "libmsip"
| #define VERSION "0.8.0"
| #define USE_STL /**/
| #define HAVE_VERSION_H 1
| #define VERSION PACKAGE_VERSION_FULL
| #define PACKAGE_VERSION PACKAGE_VERSION_FULL
| #define PACKAGE_STRING PACKAGE_STRING_FULL
| #define HAVE_DLFCN_H 1
| #define LT_OBJDIR ".libs/"
| /* end confdefs.h.  */
| 
| /* Override any GCC internal prototype to avoid an error.
|    Use char because int might match the return type of a GCC
|    builtin and then its argument prototype would still apply.  */
| #ifdef __cplusplus
| extern "C"
| #endif
| char shl_load ();
| int
| main ()
| {
| return shl_load ();
|   ;
|   return 0;
| }
configure:12780: result: no
configure:12785: checking for dlopen
configure:12785: gcc -o conftest -g -O2   conftest.c  >&5
conftest.c:22:1: warning: "VERSION" redefined
conftest.c:19:1: warning: this is the location of the previous definition
conftest.c:23:1: warning: "PACKAGE_VERSION" redefined
conftest.c:4:1: warning: this is the location of the previous definition
conftest.c:24:1: warning: "PACKAGE_STRING" redefined
conftest.c:5:1: warning: this is the location of the previous definition
/tmp/ccJV8FKg.o: In function `main':
/home/prajwol/workspace/libmsip/conftest.c:62: undefined reference to `dlopen'
collect2: ld returned 1 exit status
configure:12785: $? = 1
configure: failed program was:
| /* confdefs.h */
| #define PACKAGE_NAME "libmsip"
| #define PACKAGE_TARNAME "libmsip"
| #define PACKAGE_VERSION "0.8.0"
| #define PACKAGE_STRING "libmsip 0.8.0"
| #define PACKAGE_BUGREPORT "Erik Eliasson <ere@kth.se>"
| #define PACKAGE_URL ""
| #define STDC_HEADERS 1
| #define HAVE_SYS_TYPES_H 1
| #define HAVE_SYS_STAT_H 1
| #define HAVE_STDLIB_H 1
| #define HAVE_STRING_H 1
| #define HAVE_MEMORY_H 1
| #define HAVE_STRINGS_H 1
| #define HAVE_INTTYPES_H 1
| #define HAVE_STDINT_H 1
| #define HAVE_UNISTD_H 1
| #define PACKAGE "libmsip"
| #define VERSION "0.8.0"
| #define USE_STL /**/
| #define HAVE_VERSION_H 1
| #define VERSION PACKAGE_VERSION_FULL
| #define PACKAGE_VERSION PACKAGE_VERSION_FULL
| #define PACKAGE_STRING PACKAGE_STRING_FULL
| #define HAVE_DLFCN_H 1
| #define LT_OBJDIR ".libs/"
| /* end confdefs.h.  */
| /* Define dlopen to an innocuous variant, in case <limits.h> declares dlopen.
|    For example, HP-UX 11i <limits.h> declares gettimeofday.  */
| #define dlopen innocuous_dlopen
| 
| /* System header to define __stub macros and hopefully few prototypes,
|     which can conflict with char dlopen (); below.
|     Prefer <limits.h> to <assert.h> if __STDC__ is defined, since
|     <limits.h> exists even on freestanding compilers.  */
| 
| #ifdef __STDC__
| # include <limits.h>
| #else
| # include <assert.h>
| #endif
| 
| #undef dlopen
| 
| /* Override any GCC internal prototype to avoid an error.
|    Use char because int might match the return type of a GCC
|    builtin and then its argument prototype would still apply.  */
| #ifdef __cplusplus
| extern "C"
| #endif
| char dlopen ();
| /* The GNU C library defines this for functions which it implements
|     to always fail with ENOSYS.  Some functions are actually named
|     something starting with __ and the normal name is an alias.  */
| #if defined __stub_dlopen || defined __stub___dlopen
| choke me
| #endif
| 
| int
| main ()
| {
| return dlopen ();
|   ;
|   return 0;
| }
configure:12785: result: no
configure:12789: checking for dlopen in -ldl
configure:12814: gcc -o conftest -g -O2   conftest.c -ldl   >&5
conftest.c:22:1: warning: "VERSION" redefined
conftest.c:19:1: warning: this is the location of the previous definition
conftest.c:23:1: warning: "PACKAGE_VERSION" redefined
conftest.c:4:1: warning: this is the location of the previous definition
conftest.c:24:1: warning: "PACKAGE_STRING" redefined
conftest.c:5:1: warning: this is the location of the previous definition
configure:12814: $? = 0
configure:12823: result: yes
configure:12942: checking whether a program can dlopen itself
configure:13012: gcc -o conftest -g -O2  -DHAVE_DLFCN_H  -Wl,--export-dynamic conftest.c -ldl  >&5
In file included from configure:12953:
confdefs.h:22:1: warning: "VERSION" redefined
confdefs.h:19:1: warning: this is the location of the previous definition
confdefs.h:23:1: warning: "PACKAGE_VERSION" redefined
confdefs.h:4:1: warning: this is the location of the previous definition
confdefs.h:24:1: warning: "PACKAGE_STRING" redefined
confdefs.h:5:1: warning: this is the location of the previous definition
configure:13015: $? = 0
configure:13033: result: yes
configure:13038: checking whether a statically linked program can dlopen itself
configure:13108: gcc -o conftest -g -O2  -DHAVE_DLFCN_H  -Wl,--export-dynamic -static conftest.c -ldl  >&5
In file included from configure:13049:
confdefs.h:22:1: warning: "VERSION" redefined
confdefs.h:19:1: warning: this is the location of the previous definition
confdefs.h:23:1: warning: "PACKAGE_VERSION" redefined
confdefs.h:4:1: warning: this is the location of the previous definition
confdefs.h:24:1: warning: "PACKAGE_STRING" redefined
confdefs.h:5:1: warning: this is the location of the previous definition
/tmp/ccIJ5BCr.o: In function `main':
/home/prajwol/workspace/libmsip/configure:13092: warning: Using 'dlopen' in statically linked applications requires at runtime the shared libraries from the glibc version used for linking
configure:13111: $? = 0
/lib/: cannot read file data: Is a directory
configure:13129: result: no
configure:13168: checking whether stripping libraries is possible
configure:13173: result: yes
configure:13208: checking if libtool supports shared libraries
configure:13210: result: yes
configure:13213: checking whether to build shared libraries
configure:13234: result: yes
configure:13237: checking whether to build static libraries
configure:13241: result: yes
configure:13391: checking for ld used by g++
configure:13458: result: /usr/bin/ld
configure:13465: checking if the linker (/usr/bin/ld) is GNU ld
configure:13480: result: yes
configure:13535: checking whether the g++ linker (/usr/bin/ld) supports shared libraries
configure:14448: result: yes
configure:14476: g++ -c -g -O2  conftest.cpp >&5
configure:14479: $? = 0
configure:14661: checking for g++ option to produce PIC
configure:14978: result: -fPIC -DPIC
configure:14987: checking if g++ PIC flag -fPIC -DPIC works
configure:15005: g++ -c -g -O2  -fPIC -DPIC -DPIC conftest.cpp >&5
configure:15009: $? = 0
configure:15022: result: yes
configure:15043: checking if g++ static flag -static works
configure:15071: result: yes
configure:15083: checking if g++ supports -c -o file.o
configure:15104: g++ -c -g -O2  -o out/conftest2.o conftest.cpp >&5
configure:15108: $? = 0
configure:15130: result: yes
configure:15135: checking if g++ supports -c -o file.o
configure:15182: result: yes
configure:15212: checking whether the g++ linker (/usr/bin/ld) supports shared libraries
configure:15241: result: yes
configure:15378: checking dynamic linker characteristics
configure:15759: g++ -o conftest -g -O2   -Wl,-rpath -Wl,/foo conftest.cpp  >&5
conftest.cpp:22:1: warning: "VERSION" redefined
conftest.cpp:19:1: warning: this is the location of the previous definition
conftest.cpp:23:1: warning: "PACKAGE_VERSION" redefined
conftest.cpp:4:1: warning: this is the location of the previous definition
conftest.cpp:24:1: warning: "PACKAGE_STRING" redefined
conftest.cpp:5:1: warning: this is the location of the previous definition
configure:15759: $? = 0
configure:15989: result: GNU/Linux ld.so
configure:16040: checking how to hardcode library paths into programs
configure:16065: result: immediate
configure:16189: checking for main in -lwsock32
configure:16208: g++ -o conftest -g -O2   conftest.cpp -lwsock32   >&5
conftest.cpp:22:1: warning: "VERSION" redefined
conftest.cpp:19:1: warning: this is the location of the previous definition
conftest.cpp:23:1: warning: "PACKAGE_VERSION" redefined
conftest.cpp:4:1: warning: this is the location of the previous definition
conftest.cpp:24:1: warning: "PACKAGE_STRING" redefined
conftest.cpp:5:1: warning: this is the location of the previous definition
/usr/bin/ld: cannot find -lwsock32
collect2: ld returned 1 exit status
configure:16208: $? = 1
configure: failed program was:
| /* confdefs.h */
| #define PACKAGE_NAME "libmsip"
| #define PACKAGE_TARNAME "libmsip"
| #define PACKAGE_VERSION "0.8.0"
| #define PACKAGE_STRING "libmsip 0.8.0"
| #define PACKAGE_BUGREPORT "Erik Eliasson <ere@kth.se>"
| #define PACKAGE_URL ""
| #define STDC_HEADERS 1
| #define HAVE_SYS_TYPES_H 1
| #define HAVE_SYS_STAT_H 1
| #define HAVE_STDLIB_H 1
| #define HAVE_STRING_H 1
| #define HAVE_MEMORY_H 1
| #define HAVE_STRINGS_H 1
| #define HAVE_INTTYPES_H 1
| #define HAVE_STDINT_H 1
| #define HAVE_UNISTD_H 1
| #define PACKAGE "libmsip"
| #define VERSION "0.8.0"
| #define USE_STL /**/
| #define HAVE_VERSION_H 1
| #define VERSION PACKAGE_VERSION_FULL
| #define PACKAGE_VERSION PACKAGE_VERSION_FULL
| #define PACKAGE_STRING PACKAGE_STRING_FULL
| #define HAVE_DLFCN_H 1
| #define LT_OBJDIR ".libs/"
| #define OPENSSL_NO_KRB5 /**/
| /* end confdefs.h.  */
| 
| 
| int
| main ()
| {
| return main ();
|   ;
|   return 0;
| }
configure:16217: result: no
configure:16284: $PKG_CONFIG --exists --print-errors "libmutil >= 0.8.0"
configure:16287: $? = 0
configure:16291: checking for MUTIL
configure:16299: $PKG_CONFIG --exists --print-errors "libmutil >= 0.8.0"
configure:16302: $? = 0
configure:16317: $PKG_CONFIG --exists --print-errors "libmutil >= 0.8.0"
configure:16320: $? = 0
configure:16375: result: yes
configure:16393: checking libmutil/libmutil_config.h usability
configure:16393: g++ -c -g -O2 -DHAVE_STRUCT_TIMEZONE -DHAVE_GETTIMEOFDAY -I/usr/local/include    conftest.cpp >&5
conftest.cpp:22:1: warning: "VERSION" redefined
conftest.cpp:19:1: warning: this is the location of the previous definition
conftest.cpp:23:1: warning: "PACKAGE_VERSION" redefined
conftest.cpp:4:1: warning: this is the location of the previous definition
conftest.cpp:24:1: warning: "PACKAGE_STRING" redefined
conftest.cpp:5:1: warning: this is the location of the previous definition
configure:16393: $? = 0
configure:16393: result: yes
configure:16393: checking libmutil/libmutil_config.h presence
configure:16393: g++ -E -DHAVE_STRUCT_TIMEZONE -DHAVE_GETTIMEOFDAY -I/usr/local/include    conftest.cpp
conftest.cpp:22:1: warning: "VERSION" redefined
conftest.cpp:19:1: warning: this is the location of the previous definition
conftest.cpp:23:1: warning: "PACKAGE_VERSION" redefined
conftest.cpp:4:1: warning: this is the location of the previous definition
conftest.cpp:24:1: warning: "PACKAGE_STRING" redefined
conftest.cpp:5:1: warning: this is the location of the previous definition
configure:16393: $? = 0
configure:16393: result: yes
configure:16393: checking for libmutil/libmutil_config.h
configure:16393: result: yes
configure:16410: checking for main in -lmutil
configure:16429: g++ -o conftest -g -O2 -DHAVE_STRUCT_TIMEZONE -DHAVE_GETTIMEOFDAY -I/usr/local/include     conftest.cpp -lmutil  -L/usr/local/lib -lmutil    >&5
conftest.cpp:22:1: warning: "VERSION" redefined
conftest.cpp:19:1: warning: this is the location of the previous definition
conftest.cpp:23:1: warning: "PACKAGE_VERSION" redefined
conftest.cpp:4:1: warning: this is the location of the previous definition
conftest.cpp:24:1: warning: "PACKAGE_STRING" redefined
conftest.cpp:5:1: warning: this is the location of the previous definition
configure:16429: $? = 0
configure:16438: result: yes
configure:16517: $PKG_CONFIG --exists --print-errors "libmnetutil >= 0.8.0"
configure:16520: $? = 0
configure:16524: checking for MNETUTIL
configure:16532: $PKG_CONFIG --exists --print-errors "libmnetutil >= 0.8.0"
configure:16535: $? = 0
configure:16550: $PKG_CONFIG --exists --print-errors "libmnetutil >= 0.8.0"
configure:16553: $? = 0
configure:16608: result: yes
configure:16626: checking libmnetutil/libmnetutil_config.h usability
configure:16626: g++ -c -g -O2 -DHAVE_STRUCT_TIMEZONE -DHAVE_GETTIMEOFDAY -I/usr/local/include    conftest.cpp >&5
conftest.cpp:22:1: warning: "VERSION" redefined
conftest.cpp:19:1: warning: this is the location of the previous definition
conftest.cpp:23:1: warning: "PACKAGE_VERSION" redefined
conftest.cpp:4:1: warning: this is the location of the previous definition
conftest.cpp:24:1: warning: "PACKAGE_STRING" redefined
conftest.cpp:5:1: warning: this is the location of the previous definition
configure:16626: $? = 0
configure:16626: result: yes
configure:16626: checking libmnetutil/libmnetutil_config.h presence
configure:16626: g++ -E -DHAVE_STRUCT_TIMEZONE -DHAVE_GETTIMEOFDAY -I/usr/local/include    conftest.cpp
conftest.cpp:22:1: warning: "VERSION" redefined
conftest.cpp:19:1: warning: this is the location of the previous definition
conftest.cpp:23:1: warning: "PACKAGE_VERSION" redefined
conftest.cpp:4:1: warning: this is the location of the previous definition
conftest.cpp:24:1: warning: "PACKAGE_STRING" redefined
conftest.cpp:5:1: warning: this is the location of the previous definition
configure:16626: $? = 0
configure:16626: result: yes
configure:16626: checking for libmnetutil/libmnetutil_config.h
configure:16626: result: yes
configure:16643: checking for main in -lmnetutil
configure:16662: g++ -o conftest -g -O2 -DHAVE_STRUCT_TIMEZONE -DHAVE_GETTIMEOFDAY -I/usr/local/include     conftest.cpp -lmnetutil  -L/usr/local/lib -lmnetutil -lmutil    >&5
conftest.cpp:22:1: warning: "VERSION" redefined
conftest.cpp:19:1: warning: this is the location of the previous definition
conftest.cpp:23:1: warning: "PACKAGE_VERSION" redefined
conftest.cpp:4:1: warning: this is the location of the previous definition
conftest.cpp:24:1: warning: "PACKAGE_STRING" redefined
conftest.cpp:5:1: warning: this is the location of the previous definition
configure:16662: $? = 0
configure:16671: result: yes
configure:16750: $PKG_CONFIG --exists --print-errors "libmcrypto >= 0.8.0"
configure:16753: $? = 0
configure:16757: checking for MCRYPTO
configure:16765: $PKG_CONFIG --exists --print-errors "libmcrypto >= 0.8.0"
configure:16768: $? = 0
configure:16783: $PKG_CONFIG --exists --print-errors "libmcrypto >= 0.8.0"
configure:16786: $? = 0
configure:16841: result: yes
configure:16859: checking libmcrypto/config.h usability
configure:16859: g++ -c -g -O2 -DHAVE_STRUCT_TIMEZONE -DHAVE_GETTIMEOFDAY -I/usr/local/include    conftest.cpp >&5
conftest.cpp:22:1: warning: "VERSION" redefined
conftest.cpp:19:1: warning: this is the location of the previous definition
conftest.cpp:23:1: warning: "PACKAGE_VERSION" redefined
conftest.cpp:4:1: warning: this is the location of the previous definition
conftest.cpp:24:1: warning: "PACKAGE_STRING" redefined
conftest.cpp:5:1: warning: this is the location of the previous definition
configure:16859: $? = 0
configure:16859: result: yes
configure:16859: checking libmcrypto/config.h presence
configure:16859: g++ -E -DHAVE_STRUCT_TIMEZONE -DHAVE_GETTIMEOFDAY -I/usr/local/include    conftest.cpp
conftest.cpp:22:1: warning: "VERSION" redefined
conftest.cpp:19:1: warning: this is the location of the previous definition
conftest.cpp:23:1: warning: "PACKAGE_VERSION" redefined
conftest.cpp:4:1: warning: this is the location of the previous definition
conftest.cpp:24:1: warning: "PACKAGE_STRING" redefined
conftest.cpp:5:1: warning: this is the location of the previous definition
configure:16859: $? = 0
configure:16859: result: yes
configure:16859: checking for libmcrypto/config.h
configure:16859: result: yes
configure:16876: checking for main in -lmcrypto
configure:16895: g++ -o conftest -g -O2 -DHAVE_STRUCT_TIMEZONE -DHAVE_GETTIMEOFDAY -I/usr/local/include     conftest.cpp -lmcrypto  -L/usr/local/lib -lmcrypto -lmnetutil -lmutil    >&5
conftest.cpp:22:1: warning: "VERSION" redefined
conftest.cpp:19:1: warning: this is the location of the previous definition
conftest.cpp:23:1: warning: "PACKAGE_VERSION" redefined
conftest.cpp:4:1: warning: this is the location of the previous definition
conftest.cpp:24:1: warning: "PACKAGE_STRING" redefined
conftest.cpp:5:1: warning: this is the location of the previous definition
configure:16895: $? = 0
configure:16904: result: yes
configure:16958: checking for adsfasdfasdf
configure:16976: g++ -o conftest -g -O2  -I$(top_srcdir)/include -DHAVE_STRUCT_TIMEZONE -DHAVE_GETTIMEOFDAY -I/usr/local/include   -DHAVE_STRUCT_TIMEZONE -DHAVE_GETTIMEOFDAY -I/usr/local/include   -DHAVE_STRUCT_TIMEZONE -DHAVE_GETTIMEOFDAY -I/usr/local/include      conftest.cpp -L/usr/local/lib -lmcrypto -lmnetutil -lmutil   -L/usr/local/lib -lmnetutil -lmutil   -L/usr/local/lib -lmutil     >&5
conftest.cpp:22:1: warning: "VERSION" redefined
conftest.cpp:19:1: warning: this is the location of the previous definition
conftest.cpp:23:1: warning: "PACKAGE_VERSION" redefined
conftest.cpp:4:1: warning: this is the location of the previous definition
conftest.cpp:24:1: warning: "PACKAGE_STRING" redefined
conftest.cpp:5:1: warning: this is the location of the previous definition
conftest.cpp:33:35: error: libmnetutil/SctpSocket.h: No such file or directory
configure:16976: $? = 1
configure: failed program was:
| /* confdefs.h */
| #define PACKAGE_NAME "libmsip"
| #define PACKAGE_TARNAME "libmsip"
| #define PACKAGE_VERSION "0.8.0"
| #define PACKAGE_STRING "libmsip 0.8.0"
| #define PACKAGE_BUGREPORT "Erik Eliasson <ere@kth.se>"
| #define PACKAGE_URL ""
| #define STDC_HEADERS 1
| #define HAVE_SYS_TYPES_H 1
| #define HAVE_SYS_STAT_H 1
| #define HAVE_STDLIB_H 1
| #define HAVE_STRING_H 1
| #define HAVE_MEMORY_H 1
| #define HAVE_STRINGS_H 1
| #define HAVE_INTTYPES_H 1
| #define HAVE_STDINT_H 1
| #define HAVE_UNISTD_H 1
| #define PACKAGE "libmsip"
| #define VERSION "0.8.0"
| #define USE_STL /**/
| #define HAVE_VERSION_H 1
| #define VERSION PACKAGE_VERSION_FULL
| #define PACKAGE_VERSION PACKAGE_VERSION_FULL
| #define PACKAGE_STRING PACKAGE_STRING_FULL
| #define HAVE_DLFCN_H 1
| #define LT_OBJDIR ".libs/"
| #define OPENSSL_NO_KRB5 /**/
| #define HAVE_LIBMUTIL 1
| #define HAVE_LIBMNETUTIL 1
| #define HAVE_LIBMCRYPTO 1
| /* end confdefs.h.  */
| 
| #include<libmnetutil/SctpSocket.h>
| 
| 
| 
| int main(){
|     "adsfasdfasdf()";
|     return 0;
| }
| 
configure:16985: result: no
configure:17025: checking for DTLSSocket::create
configure:17042: g++ -o conftest -g -O2  -I$(top_srcdir)/include -DHAVE_STRUCT_TIMEZONE -DHAVE_GETTIMEOFDAY -I/usr/local/include   -DHAVE_STRUCT_TIMEZONE -DHAVE_GETTIMEOFDAY -I/usr/local/include   -DHAVE_STRUCT_TIMEZONE -DHAVE_GETTIMEOFDAY -I/usr/local/include      conftest.cpp -L/usr/local/lib -lmcrypto -lmnetutil -lmutil   -L/usr/local/lib -lmnetutil -lmutil   -L/usr/local/lib -lmutil     >&5
conftest.cpp:22:1: warning: "VERSION" redefined
conftest.cpp:19:1: warning: this is the location of the previous definition
conftest.cpp:23:1: warning: "PACKAGE_VERSION" redefined
conftest.cpp:4:1: warning: this is the location of the previous definition
conftest.cpp:24:1: warning: "PACKAGE_STRING" redefined
conftest.cpp:5:1: warning: this is the location of the previous definition
configure:17042: $? = 0
configure:17051: result: yes
configure:17080: checking for ANSI C header files
configure:17184: result: yes
configure:17195: checking malloc.h usability
configure:17195: g++ -c -g -O2  conftest.cpp >&5
conftest.cpp:22:1: warning: "VERSION" redefined
conftest.cpp:19:1: warning: this is the location of the previous definition
conftest.cpp:23:1: warning: "PACKAGE_VERSION" redefined
conftest.cpp:4:1: warning: this is the location of the previous definition
conftest.cpp:24:1: warning: "PACKAGE_STRING" redefined
conftest.cpp:5:1: warning: this is the location of the previous definition
configure:17195: $? = 0
configure:17195: result: yes
configure:17195: checking malloc.h presence
configure:17195: g++ -E  conftest.cpp
conftest.cpp:22:1: warning: "VERSION" redefined
conftest.cpp:19:1: warning: this is the location of the previous definition
conftest.cpp:23:1: warning: "PACKAGE_VERSION" redefined
conftest.cpp:4:1: warning: this is the location of the previous definition
conftest.cpp:24:1: warning: "PACKAGE_STRING" redefined
conftest.cpp:5:1: warning: this is the location of the previous definition
configure:17195: $? = 0
configure:17195: result: yes
configure:17195: checking for malloc.h
configure:17195: result: yes
configure:17195: checking for stdlib.h
configure:17195: result: yes
configure:17195: checking for string.h
configure:17195: result: yes
configure:17195: checking for unistd.h
configure:17195: result: yes
configure:17207: checking for an ANSI C-conforming const
configure:17272: g++ -c -g -O2  conftest.cpp >&5
conftest.cpp:22:1: warning: "VERSION" redefined
conftest.cpp:19:1: warning: this is the location of the previous definition
conftest.cpp:23:1: warning: "PACKAGE_VERSION" redefined
conftest.cpp:4:1: warning: this is the location of the previous definition
conftest.cpp:24:1: warning: "PACKAGE_STRING" redefined
conftest.cpp:5:1: warning: this is the location of the previous definition
configure:17272: $? = 0
configure:17279: result: yes
configure:17287: checking whether time.h and sys/time.h may both be included
configure:17307: g++ -c -g -O2  conftest.cpp >&5
conftest.cpp:22:1: warning: "VERSION" redefined
conftest.cpp:19:1: warning: this is the location of the previous definition
conftest.cpp:23:1: warning: "PACKAGE_VERSION" redefined
conftest.cpp:4:1: warning: this is the location of the previous definition
conftest.cpp:24:1: warning: "PACKAGE_STRING" redefined
conftest.cpp:5:1: warning: this is the location of the previous definition
configure:17307: $? = 0
configure:17314: result: yes
configure:17480: creating ./config.status

## ---------------------- ##
## Running config.status. ##
## ---------------------- ##

This file was extended by libmsip config.status 0.8.0, which was
generated by GNU Autoconf 2.65.  Invocation command line was

  CONFIG_FILES    = 
  CONFIG_HEADERS  = 
  CONFIG_LINKS    = 
  CONFIG_COMMANDS = 
  $ ./config.status 

on ubuntu

config.status:1186: creating Makefile
config.status:1186: creating libmsip.pc
config.status:1186: creating include/Makefile
config.status:1186: creating m4/Makefile
config.status:1186: creating debian/Makefile
config.status:1186: creating tests/Makefile
config.status:1186: creating win32/Makefile
config.status:1186: creating win32/libmsip-res.rc
config.status:1186: creating include/compilation_config.h
config.status:1358: include/compilation_config.h is unchanged
config.status:1406: executing depfiles commands
config.status:1406: executing include/version.h commands
config.status:1406: executing libtool commands

## ---------------- ##
## Cache variables. ##
## ---------------- ##

ac_cv_build=i686-pc-linux-gnu
ac_cv_c_bigendian=no
ac_cv_c_compiler_gnu=yes
ac_cv_c_const=yes
ac_cv_cxx_compiler_gnu=yes
ac_cv_env_CCC_set=
ac_cv_env_CCC_value=
ac_cv_env_CC_set=
ac_cv_env_CC_value=
ac_cv_env_CFLAGS_set=
ac_cv_env_CFLAGS_value=
ac_cv_env_CPPFLAGS_set=
ac_cv_env_CPPFLAGS_value=
ac_cv_env_CPP_set=
ac_cv_env_CPP_value=
ac_cv_env_CXXCPP_set=
ac_cv_env_CXXCPP_value=
ac_cv_env_CXXFLAGS_set=
ac_cv_env_CXXFLAGS_value=
ac_cv_env_CXX_set=
ac_cv_env_CXX_value=
ac_cv_env_LDFLAGS_set=
ac_cv_env_LDFLAGS_value=
ac_cv_env_LIBS_set=
ac_cv_env_LIBS_value=
ac_cv_env_MCRYPTO_CFLAGS_set=
ac_cv_env_MCRYPTO_CFLAGS_value=
ac_cv_env_MCRYPTO_LIBS_set=
ac_cv_env_MCRYPTO_LIBS_value=
ac_cv_env_MNETUTIL_CFLAGS_set=
ac_cv_env_MNETUTIL_CFLAGS_value=
ac_cv_env_MNETUTIL_LIBS_set=
ac_cv_env_MNETUTIL_LIBS_value=
ac_cv_env_MUTIL_CFLAGS_set=
ac_cv_env_MUTIL_CFLAGS_value=
ac_cv_env_MUTIL_LIBS_set=
ac_cv_env_MUTIL_LIBS_value=
ac_cv_env_PKG_CONFIG_set=
ac_cv_env_PKG_CONFIG_value=
ac_cv_env_build_alias_set=
ac_cv_env_build_alias_value=
ac_cv_env_host_alias_set=
ac_cv_env_host_alias_value=
ac_cv_env_target_alias_set=
ac_cv_env_target_alias_value=
ac_cv_func_DTLSSocket__create=yes
ac_cv_func_adsfasdfasdf=no
ac_cv_func_dlopen=no
ac_cv_func_shl_load=no
ac_cv_header_dlfcn_h=yes
ac_cv_header_inttypes_h=yes
ac_cv_header_libmcrypto_config_h=yes
ac_cv_header_libmnetutil_libmnetutil_config_h=yes
ac_cv_header_libmutil_libmutil_config_h=yes
ac_cv_header_malloc_h=yes
ac_cv_header_memory_h=yes
ac_cv_header_stdc=yes
ac_cv_header_stdint_h=yes
ac_cv_header_stdlib_h=yes
ac_cv_header_string_h=yes
ac_cv_header_strings_h=yes
ac_cv_header_sys_stat_h=yes
ac_cv_header_sys_types_h=yes
ac_cv_header_time=yes
ac_cv_header_unistd_h=yes
ac_cv_host=i686-pc-linux-gnu
ac_cv_lib_dl_dlopen=yes
ac_cv_lib_dld_shl_load=no
ac_cv_lib_mcrypto_main=yes
ac_cv_lib_mnetutil_main=yes
ac_cv_lib_mutil_main=yes
ac_cv_lib_wsock32_main=no
ac_cv_objext=o
ac_cv_path_EGREP='/bin/grep -E'
ac_cv_path_FGREP='/bin/grep -F'
ac_cv_path_GREP=/bin/grep
ac_cv_path_SED=/bin/sed
ac_cv_path_ac_pt_PKG_CONFIG=/usr/bin/pkg-config
ac_cv_path_install='/usr/bin/install -c'
ac_cv_path_mkdir=/bin/mkdir
ac_cv_prog_AWK=gawk
ac_cv_prog_CPP='gcc -E'
ac_cv_prog_CXXCPP='g++ -E'
ac_cv_prog_ac_ct_AR=ar
ac_cv_prog_ac_ct_CC=gcc
ac_cv_prog_ac_ct_CXX=g++
ac_cv_prog_ac_ct_OBJDUMP=objdump
ac_cv_prog_ac_ct_RANLIB=ranlib
ac_cv_prog_ac_ct_STRIP=strip
ac_cv_prog_cc_c89=
ac_cv_prog_cc_g=yes
ac_cv_prog_cxx_g=yes
ac_cv_prog_make_make_set=yes
am_cv_CC_dependencies_compiler_type=gcc3
am_cv_CXX_dependencies_compiler_type=gcc3
lt_cv_deplibs_check_method=pass_all
lt_cv_dlopen=dlopen
lt_cv_dlopen_libs=-ldl
lt_cv_dlopen_self=yes
lt_cv_dlopen_self_static=no
lt_cv_file_magic_cmd='$MAGIC_CMD'
lt_cv_file_magic_test_file=
lt_cv_ld_reload_flag=-r
lt_cv_nm_interface='BSD nm'
lt_cv_objdir=.libs
lt_cv_path_LD=/usr/bin/ld
lt_cv_path_LDCXX=/usr/bin/ld
lt_cv_path_NM='/usr/bin/nm -B'
lt_cv_prog_compiler_c_o=yes
lt_cv_prog_compiler_c_o_CXX=yes
lt_cv_prog_compiler_pic_works=yes
lt_cv_prog_compiler_pic_works_CXX=yes
lt_cv_prog_compiler_rtti_exceptions=no
lt_cv_prog_compiler_static_works=yes
lt_cv_prog_compiler_static_works_CXX=yes
lt_cv_prog_gnu_ld=yes
lt_cv_prog_gnu_ldcxx=yes
lt_cv_sys_global_symbol_pipe='sed -n -e '\''s/^.*[	 ]\([ABCDGIRSTW][ABCDGIRSTW]*\)[	 ][	 ]*\([_A-Za-z][_A-Za-z0-9]*\)$/\1 \2 \2/p'\'''
lt_cv_sys_global_symbol_to_c_name_address='sed -n -e '\''s/^: \([^ ]*\) $/  {\"\1\", (void *) 0},/p'\'' -e '\''s/^[ABCDGIRSTW]* \([^ ]*\) \([^ ]*\)$/  {"\2", (void *) \&\2},/p'\'''
lt_cv_sys_global_symbol_to_c_name_address_lib_prefix='sed -n -e '\''s/^: \([^ ]*\) $/  {\"\1\", (void *) 0},/p'\'' -e '\''s/^[ABCDGIRSTW]* \([^ ]*\) \(lib[^ ]*\)$/  {"\2", (void *) \&\2},/p'\'' -e '\''s/^[ABCDGIRSTW]* \([^ ]*\) \([^ ]*\)$/  {"lib\2", (void *) \&\2},/p'\'''
lt_cv_sys_global_symbol_to_cdecl='sed -n -e '\''s/^T .* \(.*\)$/extern int \1();/p'\'' -e '\''s/^[ABCDGIRSTW]* .* \(.*\)$/extern char \1;/p'\'''
lt_cv_sys_max_cmd_len=1572864
pkg_cv_MCRYPTO_CFLAGS='-DHAVE_STRUCT_TIMEZONE -DHAVE_GETTIMEOFDAY -I/usr/local/include  '
pkg_cv_MCRYPTO_LIBS='-L/usr/local/lib -lmcrypto -lmnetutil -lmutil  '
pkg_cv_MNETUTIL_CFLAGS='-DHAVE_STRUCT_TIMEZONE -DHAVE_GETTIMEOFDAY -I/usr/local/include  '
pkg_cv_MNETUTIL_LIBS='-L/usr/local/lib -lmnetutil -lmutil  '
pkg_cv_MUTIL_CFLAGS='-DHAVE_STRUCT_TIMEZONE -DHAVE_GETTIMEOFDAY -I/usr/local/include  '
pkg_cv_MUTIL_LIBS='-L/usr/local/lib -lmutil  '

## ----------------- ##
## Output variables. ##
## ----------------- ##

ACLOCAL='${SHELL} /home/prajwol/workspace/libmsip/config/missing --run aclocal-1.11'
ACLOCAL_FLAGS=''
AMDEPBACKSLASH='\'
AMDEP_FALSE='#'
AMDEP_TRUE=''
AMTAR='${SHELL} /home/prajwol/workspace/libmsip/config/missing --run tar'
AR='ar'
AS='as'
AUTOCONF='${SHELL} /home/prajwol/workspace/libmsip/config/missing --run autoconf'
AUTOHEADER='${SHELL} /home/prajwol/workspace/libmsip/config/missing --run autoheader'
AUTOMAKE='${SHELL} /home/prajwol/workspace/libmsip/config/missing --run automake-1.11'
AWK='gawk'
CC='gcc'
CCDEPMODE='depmode=gcc3'
CFLAGS='-g -O2'
CPP='gcc -E'
CPPFLAGS=''
CXX='g++'
CXXCPP='g++ -E'
CXXDEPMODE='depmode=gcc3'
CXXFLAGS='-g -O2'
CYGPATH_W='echo'
DEBUG_FALSE=''
DEBUG_TRUE='#'
DEFS='-DHAVE_CONFIG_H'
DEPDIR='.deps'
DLLTOOL='dlltool'
DSYMUTIL=''
DUMPBIN=''
ECHO_C=''
ECHO_N='-n'
ECHO_T=''
EGREP='/bin/grep -E'
EXEEXT=''
FGREP='/bin/grep -F'
GREP='/bin/grep'
HAVE_DTLS_FALSE='#'
HAVE_DTLS_TRUE=''
HAVE_SCTP_FALSE=''
HAVE_SCTP_TRUE='#'
INSTALL_DATA='${INSTALL} -m 644'
INSTALL_PROGRAM='${INSTALL}'
INSTALL_SCRIPT='${INSTALL}'
INSTALL_STRIP_PROGRAM='$(install_sh) -c -s'
LD='/usr/bin/ld'
LDFLAGS=''
LIBOBJS=''
LIBS=''
LIBTOOL='$(SHELL) $(top_builddir)/libtool'
LIPO=''
LN_S='ln -s'
LTLIBOBJS=''
LT_CURRENT_MINUS_AGE='0'
LT_VERSION_INFO='0:0:0'
MAINT='#'
MAINTAINER_MODE_FALSE=''
MAINTAINER_MODE_TRUE='#'
MAKEINFO='${SHELL} /home/prajwol/workspace/libmsip/config/missing --run makeinfo'
MCRYPTO_CFLAGS='-DHAVE_STRUCT_TIMEZONE -DHAVE_GETTIMEOFDAY -I/usr/local/include  '
MCRYPTO_LIBS='-L/usr/local/lib -lmcrypto -lmnetutil -lmutil  '
MINISIP_CFLAGS='-I$(top_srcdir)/include -DHAVE_STRUCT_TIMEZONE -DHAVE_GETTIMEOFDAY -I/usr/local/include   -DHAVE_STRUCT_TIMEZONE -DHAVE_GETTIMEOFDAY -I/usr/local/include   -DHAVE_STRUCT_TIMEZONE -DHAVE_GETTIMEOFDAY -I/usr/local/include   '
MINISIP_LIBRARY_LDFLAGS='-Wl,--no-undefined -no-undefined -version-info 0:0:0'
MINISIP_LIBS='-L/usr/local/lib -lmcrypto -lmnetutil -lmutil   -L/usr/local/lib -lmnetutil -lmutil   -L/usr/local/lib -lmutil   '
MKDIR_P='/bin/mkdir -p'
MNETUTIL_CFLAGS='-DHAVE_STRUCT_TIMEZONE -DHAVE_GETTIMEOFDAY -I/usr/local/include  '
MNETUTIL_LIBS='-L/usr/local/lib -lmnetutil -lmutil  '
MSIP_MAJOR_VERSION='0'
MSIP_MICRO_VERSION='0'
MSIP_MINOR_VERSION='8'
MUTIL_CFLAGS='-DHAVE_STRUCT_TIMEZONE -DHAVE_GETTIMEOFDAY -I/usr/local/include  '
MUTIL_LIBS='-L/usr/local/lib -lmutil  '
NM='/usr/bin/nm -B'
NMEDIT=''
OBJDUMP='objdump'
OBJEXT='o'
OS_WIN_FALSE=''
OS_WIN_TRUE='#'
OTOOL64=''
OTOOL=''
PACKAGE='libmsip'
PACKAGE_BUGREPORT='Erik Eliasson <ere@kth.se>'
PACKAGE_NAME='libmsip'
PACKAGE_STRING='libmsip 0.8.0+r3784M'
PACKAGE_TARNAME='libmsip'
PACKAGE_URL=''
PACKAGE_VERSION='0.8.0+r3784M'
PATH_SEPARATOR=':'
PKG_CONFIG='/usr/bin/pkg-config'
RANLIB='ranlib'
SED='/bin/sed'
SET_MAKE=''
SHELL='/bin/bash'
STRIP='strip'
TEST_SUITE_FALSE=''
TEST_SUITE_TRUE='#'
VERSION='0.8.0+r3784M'
WINDRES=''
ac_ct_CC='gcc'
ac_ct_CXX='g++'
ac_ct_DUMPBIN=''
am__EXEEXT_FALSE=''
am__EXEEXT_TRUE='#'
am__fastdepCC_FALSE='#'
am__fastdepCC_TRUE=''
am__fastdepCXX_FALSE='#'
am__fastdepCXX_TRUE=''
am__include='include'
am__isrc=''
am__leading_dot='.'
am__quote=''
am__tar='${AMTAR} chof - "$$tardir"'
am__untar='${AMTAR} xf -'
bindir='${exec_prefix}/bin'
build='i686-pc-linux-gnu'
build_alias=''
build_cpu='i686'
build_os='linux-gnu'
build_vendor='pc'
datadir='${datarootdir}'
datarootdir='${prefix}/share'
docdir='${datarootdir}/doc/${PACKAGE_TARNAME}'
dvidir='${docdir}'
exec_prefix='${prefix}'
host='i686-pc-linux-gnu'
host_alias=''
host_cpu='i686'
host_os='linux-gnu'
host_vendor='pc'
htmldir='${docdir}'
includedir='${prefix}/include'
infodir='${datarootdir}/info'
install_sh='${SHELL} /home/prajwol/workspace/libmsip/config/install-sh'
libdir='${exec_prefix}/lib'
libexecdir='${exec_prefix}/libexec'
localedir='${datarootdir}/locale'
localstatedir='${prefix}/var'
lt_ECHO='echo'
mandir='${datarootdir}/man'
mkdir_p='/bin/mkdir -p'
oldincludedir='/usr/include'
pdfdir='${docdir}'
prefix='/usr/local'
program_transform_name='s,x,x,'
psdir='${docdir}'
sbindir='${exec_prefix}/sbin'
sharedstatedir='${prefix}/com'
sysconfdir='${prefix}/etc'
target_alias=''

## ----------- ##
## confdefs.h. ##
## ----------- ##

/* confdefs.h */
#define PACKAGE_NAME "libmsip"
#define PACKAGE_TARNAME "libmsip"
#define PACKAGE_VERSION "0.8.0"
#define PACKAGE_STRING "libmsip 0.8.0"
#define PACKAGE_BUGREPORT "Erik Eliasson <ere@kth.se>"
#define PACKAGE_URL ""
#define STDC_HEADERS 1
#define HAVE_SYS_TYPES_H 1
#define HAVE_SYS_STAT_H 1
#define HAVE_STDLIB_H 1
#define HAVE_STRING_H 1
#define HAVE_MEMORY_H 1
#define HAVE_STRINGS_H 1
#define HAVE_INTTYPES_H 1
#define HAVE_STDINT_H 1
#define HAVE_UNISTD_H 1
#define PACKAGE "libmsip"
#define VERSION "0.8.0"
#define USE_STL /**/
#define HAVE_VERSION_H 1
#define VERSION PACKAGE_VERSION_FULL
#define PACKAGE_VERSION PACKAGE_VERSION_FULL
#define PACKAGE_STRING PACKAGE_STRING_FULL
#define HAVE_DLFCN_H 1
#define LT_OBJDIR ".libs/"
#define OPENSSL_NO_KRB5 /**/
#define HAVE_LIBMUTIL 1
#define HAVE_LIBMNETUTIL 1
#define HAVE_LIBMCRYPTO 1
#define HAVE_DTLS 1
#define STDC_HEADERS 1
#define HAVE_MALLOC_H 1
#define HAVE_STDLIB_H 1
#define HAVE_STRING_H 1
#define HAVE_UNISTD_H 1
#define TIME_WITH_SYS_TIME 1

configure: exit 0
